{
  "stats": {
    "suites": 3,
    "tests": 5,
    "passes": 5,
    "pending": 0,
    "failures": 0,
    "start": "2026-08-07T16:13:24.533Z",
    "end": "2026-08-07T16:13:24.950Z",
    "duration": 417,
    "testsRegistered": 5,
    "passPercent": 100,
    "pendingPercent": 0,
    "other": 0,
    "hasOther": false,
    "skipped": 0,
    "hasSkipped": false
  },
  "results": [
    {
      "uuid": "f270483d-a20f-429d-ab41-5b38cf37e922",
      "title": "",
      "fullFile": "",
      "file": "",
      "beforeHooks": [],
      "afterHooks": [],
      "tests": [],
      "suites": [
        {
          "uuid": "69b48776-37f1-41a5-b6e6-a0af07cbe691",
          "title": "Appium 2.x Smart AI Testing Capability Suite",
          "fullFile": "C:\\Users\\navee\\Downloads\\CareBridge-One-Naveen\\carebridge-one\\tests\\appium\\mobileAiDiscovery.test.js",
          "file": "\\tests\\appium\\mobileAiDiscovery.test.js",
          "beforeHooks": [],
          "afterHooks": [],
          "tests": [
            {
              "title": "MOB-AI-001: Discover React Native Widgets & Auto-Generate Test Scenarios",
              "fullTitle": "Appium 2.x Smart AI Testing Capability Suite MOB-AI-001: Discover React Native Widgets & Auto-Generate Test Scenarios",
              "timedOut": false,
              "duration": 39,
              "state": "passed",
              "speed": "medium",
              "pass": true,
              "fail": false,
              "pending": false,
              "context": null,
              "code": "const widgets = AiTestScanner.scanReactWorkspace();\nconst scenarios = AiTestScanner.generateAutoScenarios(widgets);\n\nexpect(widgets.length).to.be.above(0);\nexpect(scenarios.length).to.equal(3);",
              "err": {},
              "uuid": "8f624134-195f-426e-b065-983ce6b4ea3d",
              "parentUUID": "69b48776-37f1-41a5-b6e6-a0af07cbe691",
              "isHook": false,
              "skipped": false
            }
          ],
          "suites": [],
          "passes": [
            "8f624134-195f-426e-b065-983ce6b4ea3d"
          ],
          "failures": [],
          "pending": [],
          "skipped": [],
          "duration": 39,
          "root": false,
          "rootEmpty": false,
          "_timeout": 120000
        },
        {
          "uuid": "6ec72bbe-f064-44f6-b821-e5d0820cdd5f",
          "title": "Appium 2.x React Native Mobile Authentication Suite",
          "fullFile": "C:\\Users\\navee\\Downloads\\CareBridge-One-Naveen\\carebridge-one\\tests\\appium\\mobileAuth.test.js",
          "file": "\\tests\\appium\\mobileAuth.test.js",
          "beforeHooks": [],
          "afterHooks": [
            {
              "title": "\"after all\" hook in \"Appium 2.x React Native Mobile Authentication Suite\"",
              "fullTitle": "Appium 2.x React Native Mobile Authentication Suite \"after all\" hook in \"Appium 2.x React Native Mobile Authentication Suite\"",
              "timedOut": false,
              "duration": 358,
              "state": null,
              "speed": null,
              "pass": false,
              "fail": false,
              "pending": false,
              "context": null,
              "code": "await generateMobileExcelReport({\n  total: testResults.length,\n  passed: testResults.filter(t => t.status === 'PASSED').length,\n  failed: failures.length,\n  skipped: 0,\n  durationMs: 1500,\n  tests: testResults,\n  failures,\n  logs: executionLogs\n});\ngenerateMobileHtmlReport({\n  total: testResults.length,\n  passed: testResults.filter(t => t.status === 'PASSED').length,\n  failed: failures.length,\n  tests: testResults\n});",
              "err": {},
              "uuid": "bd21820b-0d70-4f2b-b2a8-938201f33a81",
              "parentUUID": "6ec72bbe-f064-44f6-b821-e5d0820cdd5f",
              "isHook": true,
              "skipped": false
            }
          ],
          "tests": [
            {
              "title": "MOB-AUTH-001: Validate Empty Credentials Error Handling",
              "fullTitle": "Appium 2.x React Native Mobile Authentication Suite MOB-AUTH-001: Validate Empty Credentials Error Handling",
              "timedOut": false,
              "duration": 2,
              "state": "passed",
              "speed": "fast",
              "pass": true,
              "fail": false,
              "pending": false,
              "context": null,
              "code": "const startTime = Date.now();\ntry {\n  executionLogs.push({ time: new Date().toISOString(), test: 'MOB-AUTH-001', step: 'Attempt login with empty credentials', result: 'PASS', remarks: 'Validation triggered correctly' });\n  testResults.push({ id: 'MOB-AUTH-001', module: 'Authentication', scenario: 'Validate Empty Credentials', status: 'PASSED', device: 'Android Emulator', duration: Date.now() - startTime });\n  expect(true).to.be.true;\n} catch (err) {\n  failures.push({ name: 'MOB-AUTH-001', reason: err.message, screenshot: 'reports/failures/MOB-AUTH-001.png', device: 'Android Emulator', version: '14' });\n  throw err;\n}",
              "err": {},
              "uuid": "af968ec8-a3b7-4ec4-b540-b6d41161e4be",
              "parentUUID": "6ec72bbe-f064-44f6-b821-e5d0820cdd5f",
              "isHook": false,
              "skipped": false
            },
            {
              "title": "MOB-AUTH-002: Validate Valid Login & Session Persistence",
              "fullTitle": "Appium 2.x React Native Mobile Authentication Suite MOB-AUTH-002: Validate Valid Login & Session Persistence",
              "timedOut": false,
              "duration": 0,
              "state": "passed",
              "speed": "fast",
              "pass": true,
              "fail": false,
              "pending": false,
              "context": null,
              "code": "const startTime = Date.now();\ntry {\n  executionLogs.push({ time: new Date().toISOString(), test: 'MOB-AUTH-002', step: 'Perform valid login and verify token persistence', result: 'PASS', remarks: 'Session restored on app launch' });\n  testResults.push({ id: 'MOB-AUTH-002', module: 'Authentication', scenario: 'Validate Login & Session Persistence', status: 'PASSED', device: 'Android Emulator', duration: Date.now() - startTime });\n  expect(true).to.be.true;\n} catch (err) {\n  failures.push({ name: 'MOB-AUTH-002', reason: err.message, screenshot: 'reports/failures/MOB-AUTH-002.png', device: 'Android Emulator', version: '14' });\n  throw err;\n}",
              "err": {},
              "uuid": "0b41775c-7c3b-43d9-82f2-2badc12add96",
              "parentUUID": "6ec72bbe-f064-44f6-b821-e5d0820cdd5f",
              "isHook": false,
              "skipped": false
            }
          ],
          "suites": [],
          "passes": [
            "af968ec8-a3b7-4ec4-b540-b6d41161e4be",
            "0b41775c-7c3b-43d9-82f2-2badc12add96"
          ],
          "failures": [],
          "pending": [],
          "skipped": [],
          "duration": 2,
          "root": false,
          "rootEmpty": false,
          "_timeout": 120000
        },
        {
          "uuid": "d1cc28ce-595c-4f70-a772-73b5d99df620",
          "title": "Appium 2.x React Native UI & Gesture Validation Suite",
          "fullFile": "C:\\Users\\navee\\Downloads\\CareBridge-One-Naveen\\carebridge-one\\tests\\appium\\mobileUi.test.js",
          "file": "\\tests\\appium\\mobileUi.test.js",
          "beforeHooks": [],
          "afterHooks": [],
          "tests": [
            {
              "title": "MOB-UI-001: Validate React Native Widget Behaviors (ElevatedButton, TextField, Dialog)",
              "fullTitle": "Appium 2.x React Native UI & Gesture Validation Suite MOB-UI-001: Validate React Native Widget Behaviors (ElevatedButton, TextField, Dialog)",
              "timedOut": false,
              "duration": 1,
              "state": "passed",
              "speed": "fast",
              "pass": true,
              "fail": false,
              "pending": false,
              "context": null,
              "code": "expect(true).to.be.true;",
              "err": {},
              "uuid": "7f1e2842-c190-4823-9678-9f4ee3a81552",
              "parentUUID": "d1cc28ce-595c-4f70-a772-73b5d99df620",
              "isHook": false,
              "skipped": false
            },
            {
              "title": "MOB-UI-002: Validate Gesture Execution (Tap, Swipe, Long Press, Drag & Drop)",
              "fullTitle": "Appium 2.x React Native UI & Gesture Validation Suite MOB-UI-002: Validate Gesture Execution (Tap, Swipe, Long Press, Drag & Drop)",
              "timedOut": false,
              "duration": 1,
              "state": "passed",
              "speed": "fast",
              "pass": true,
              "fail": false,
              "pending": false,
              "context": null,
              "code": "expect(true).to.be.true;",
              "err": {},
              "uuid": "ebadd266-0e38-4eab-a5f0-07041f8c8e5c",
              "parentUUID": "d1cc28ce-595c-4f70-a772-73b5d99df620",
              "isHook": false,
              "skipped": false
            }
          ],
          "suites": [],
          "passes": [
            "7f1e2842-c190-4823-9678-9f4ee3a81552",
            "ebadd266-0e38-4eab-a5f0-07041f8c8e5c"
          ],
          "failures": [],
          "pending": [],
          "skipped": [],
          "duration": 2,
          "root": false,
          "rootEmpty": false,
          "_timeout": 120000
        }
      ],
      "passes": [],
      "failures": [],
      "pending": [],
      "skipped": [],
      "duration": 0,
      "root": true,
      "rootEmpty": true,
      "_timeout": 120000
    }
  ],
  "meta": {
    "mocha": {
      "version": "11.7.6"
    },
    "mochawesome": {
      "options": {
        "quiet": false,
        "reportFilename": "appium_mochawesome",
        "saveHtml": true,
        "saveJson": true,
        "consoleReporter": "spec",
        "useInlineDiffs": false,
        "code": true
      },
      "version": "8.0.1"
    },
    "marge": {
      "options": {
        "reportDir": "mochawesome-report",
        "reportFilename": "appium_mochawesome",
        "quiet": "false",
        "overwrite": "true",
        "html": "true",
        "json": "true"
      },
      "version": "6.3.2"
    }
  }
}