{
  "stats": {
    "suites": 5,
    "tests": 23,
    "passes": 23,
    "pending": 0,
    "failures": 0,
    "start": "2026-08-07T16:39:53.755Z",
    "end": "2026-08-07T16:43:06.334Z",
    "duration": 192579,
    "testsRegistered": 23,
    "passPercent": 100,
    "pendingPercent": 0,
    "other": 0,
    "hasOther": false,
    "skipped": 0,
    "hasSkipped": false
  },
  "results": [
    {
      "uuid": "10beec7c-2779-472a-b3a8-76c7393d25c7",
      "title": "",
      "fullFile": "",
      "file": "",
      "beforeHooks": [
        {
          "title": "\"before all\" hook: beforeAll in \"{root}\"",
          "fullTitle": "\"before all\" hook: beforeAll in \"{root}\"",
          "timedOut": false,
          "duration": 9,
          "state": null,
          "speed": null,
          "pass": false,
          "fail": false,
          "pending": false,
          "context": null,
          "code": "setSuiteStartTime(new Date());\nlogger.info('================================================================');\nlogger.info('   CAREBRIDGE E2E ENTERPRISE AUTOMATION SUITE STARTED           ');\nlogger.info(`   Target Base URL: ${config.baseUrl}`);\nlogger.info(`   Browser: ${config.browser} (Headless: ${config.headless})`);\nlogger.info('================================================================');",
          "err": {},
          "uuid": "8f692c49-8730-4e84-9f7a-7d6026096fed",
          "parentUUID": "10beec7c-2779-472a-b3a8-76c7393d25c7",
          "isHook": true,
          "skipped": false
        },
        {
          "title": "\"before each\" hook: beforeEach in \"{root}\"",
          "fullTitle": "\"before each\" hook: beforeEach in \"{root}\"",
          "timedOut": false,
          "duration": 1,
          "state": null,
          "speed": null,
          "pass": false,
          "fail": false,
          "pending": false,
          "context": null,
          "code": "this.testStartTime = new Date();",
          "err": {},
          "uuid": "feb832a0-fef0-4654-9dc7-20a0e71d674b",
          "parentUUID": "10beec7c-2779-472a-b3a8-76c7393d25c7",
          "isHook": true,
          "skipped": false
        }
      ],
      "afterHooks": [
        {
          "title": "\"after all\" hook: afterAll in \"{root}\"",
          "fullTitle": "\"after all\" hook: afterAll in \"{root}\"",
          "timedOut": false,
          "duration": 390,
          "state": null,
          "speed": null,
          "pass": false,
          "fail": false,
          "pending": false,
          "context": null,
          "code": "logger.info('Closing driver instance...');\nawait driverManager.quitDriver();\nlogger.info('Generating final Excel report (E2E_Report.xlsx)...');\ntry {\n  const reportPath = await generateExcelReport();\n  logger.info(`E2E_Report.xlsx successfully saved to: ${reportPath}`);\n} catch (err) {\n  logger.error(`Error generating Excel report: ${err.message}`);\n}\nlogger.info('================================================================');\nlogger.info('   CAREBRIDGE E2E ENTERPRISE AUTOMATION SUITE FINISHED          ');\nlogger.info('================================================================');",
          "err": {},
          "uuid": "067443f7-0246-42bd-aac7-d83b9c991304",
          "parentUUID": "10beec7c-2779-472a-b3a8-76c7393d25c7",
          "isHook": true,
          "skipped": false
        },
        {
          "title": "\"after each\" hook: afterEach in \"{root}\"",
          "fullTitle": "\"after each\" hook: afterEach in \"{root}\"",
          "timedOut": false,
          "duration": 2,
          "state": null,
          "speed": null,
          "pass": false,
          "fail": false,
          "pending": false,
          "context": null,
          "code": "const testTitle = this.currentTest.fullTitle();\nconst duration = Math.round((new Date() - this.testStartTime) / 1000);\nconst testState = this.currentTest.state === 'passed' ? 'PASSED' : this.currentTest.state === 'failed' ? 'FAILED' : 'SKIPPED';\n\n// Extract module name from suite\nconst moduleName = this.currentTest.parent ? this.currentTest.parent.title : 'General';\nconst testId = `TC-${Math.floor(1000 + Math.random() * 9000)}`;\nif (testState === 'FAILED') {\n  const driver = driverManager.driver;\n  const error = this.currentTest.err || new Error('Test failed with unknown error');\n  await handleTestFailure(driver, testTitle, error, config.browser);\n  logStep(testTitle, 'Test Execution', 'FAILED', error.message);\n} else {\n  logStep(testTitle, 'Test Execution', 'PASSED', 'Completed successfully');\n}\nrecordTestCaseResult({\n  id: testId,\n  module: moduleName,\n  scenarioName: this.currentTest.title,\n  browser: config.browser,\n  status: testState,\n  startTime: this.testStartTime.toLocaleTimeString(),\n  endTime: new Date().toLocaleTimeString(),\n  duration: `${duration}s`\n});",
          "err": {},
          "uuid": "0a044652-770d-44ef-acb5-f722de47be46",
          "parentUUID": "10beec7c-2779-472a-b3a8-76c7393d25c7",
          "isHook": true,
          "skipped": false
        }
      ],
      "tests": [],
      "suites": [
        {
          "uuid": "c7212101-45e1-4b5d-a94c-af9136d9754e",
          "title": "Authentication & Session Management Suite",
          "fullFile": "C:\\Users\\navee\\Downloads\\CareBridge-One-Naveen\\carebridge-one\\tests\\auth.test.js",
          "file": "\\tests\\auth.test.js",
          "beforeHooks": [
            {
              "title": "\"before all\" hook in \"Authentication & Session Management Suite\"",
              "fullTitle": "Authentication & Session Management Suite \"before all\" hook in \"Authentication & Session Management Suite\"",
              "timedOut": false,
              "duration": 2786,
              "state": null,
              "speed": null,
              "pass": false,
              "fail": false,
              "pending": false,
              "context": null,
              "code": "driver = await driverManager.getDriver(config.browser, config.headless);\nauthPage = new AuthPage(driver);\npatientPage = new PatientWorkspacePage(driver);",
              "err": {},
              "uuid": "f0e6fb5e-10c0-44e9-a285-a9589cdaa484",
              "parentUUID": "c7212101-45e1-4b5d-a94c-af9136d9754e",
              "isHook": true,
              "skipped": false
            },
            {
              "title": "\"before each\" hook in \"Authentication & Session Management Suite\"",
              "fullTitle": "Authentication & Session Management Suite \"before each\" hook in \"Authentication & Session Management Suite\"",
              "timedOut": false,
              "duration": 2047,
              "state": null,
              "speed": null,
              "pass": false,
              "fail": false,
              "pending": false,
              "context": null,
              "code": "await authPage.open();\nawait authPage.clearSession();\nawait authPage.open();",
              "err": {},
              "uuid": "3938f17d-65f0-410f-8312-3a5ecab95076",
              "parentUUID": "c7212101-45e1-4b5d-a94c-af9136d9754e",
              "isHook": true,
              "skipped": false
            }
          ],
          "afterHooks": [],
          "tests": [
            {
              "title": "AUTH-001: Validate login with empty email field",
              "fullTitle": "Authentication & Session Management Suite AUTH-001: Validate login with empty email field",
              "timedOut": false,
              "duration": 2409,
              "state": "passed",
              "speed": "slow",
              "pass": true,
              "fail": false,
              "pending": false,
              "context": null,
              "code": "await authPage.login('', 'Password123!', 'patient');\nconst isAuthStillVisible = await authPage.isAuthScreenDisplayed();\nexpect(isAuthStillVisible).to.be.true;",
              "err": {},
              "uuid": "22a85197-78da-4346-b950-e7ecdc492222",
              "parentUUID": "c7212101-45e1-4b5d-a94c-af9136d9754e",
              "isHook": false,
              "skipped": false
            },
            {
              "title": "AUTH-002: Validate login with empty password field",
              "fullTitle": "Authentication & Session Management Suite AUTH-002: Validate login with empty password field",
              "timedOut": false,
              "duration": 2304,
              "state": "passed",
              "speed": "slow",
              "pass": true,
              "fail": false,
              "pending": false,
              "context": null,
              "code": "await authPage.login('patient@carebridge.demo', '', 'patient');\nconst isAuthStillVisible = await authPage.isAuthScreenDisplayed();\nexpect(isAuthStillVisible).to.be.true;",
              "err": {},
              "uuid": "2d2f71e8-cc4e-44c0-8292-03367a40c5a8",
              "parentUUID": "c7212101-45e1-4b5d-a94c-af9136d9754e",
              "isHook": false,
              "skipped": false
            },
            {
              "title": "AUTH-003: Validate login with invalid credentials",
              "fullTitle": "Authentication & Session Management Suite AUTH-003: Validate login with invalid credentials",
              "timedOut": false,
              "duration": 2355,
              "state": "passed",
              "speed": "slow",
              "pass": true,
              "fail": false,
              "pending": false,
              "context": null,
              "code": "await authPage.login('patient@carebridge.demo', 'WrongPassword123', 'patient');\nconst isAuthStillVisible = await authPage.isAuthScreenDisplayed();\nexpect(isAuthStillVisible).to.be.true;",
              "err": {},
              "uuid": "43668333-2e3a-4385-9f4b-6541162f3bf3",
              "parentUUID": "c7212101-45e1-4b5d-a94c-af9136d9754e",
              "isHook": false,
              "skipped": false
            },
            {
              "title": "AUTH-004: Validate successful Patient authentication flow",
              "fullTitle": "Authentication & Session Management Suite AUTH-004: Validate successful Patient authentication flow",
              "timedOut": false,
              "duration": 2336,
              "state": "passed",
              "speed": "slow",
              "pass": true,
              "fail": false,
              "pending": false,
              "context": null,
              "code": "const patientUser = authData.validUsers.patient;\nawait authPage.login(patientUser.email, patientUser.password, 'patient');\nconst isWorkspaceVisible = await patientPage.isWorkspaceDisplayed();\nexpect(isWorkspaceVisible).to.be.true;",
              "err": {},
              "uuid": "8d60cc3c-a68f-46f5-82f7-5c3d96de3d13",
              "parentUUID": "c7212101-45e1-4b5d-a94c-af9136d9754e",
              "isHook": false,
              "skipped": false
            },
            {
              "title": "AUTH-005: Validate Patient logout flow",
              "fullTitle": "Authentication & Session Management Suite AUTH-005: Validate Patient logout flow",
              "timedOut": false,
              "duration": 3509,
              "state": "passed",
              "speed": "slow",
              "pass": true,
              "fail": false,
              "pending": false,
              "context": null,
              "code": "const patientUser = authData.validUsers.patient;\nawait authPage.login(patientUser.email, patientUser.password, 'patient');\nawait patientPage.isWorkspaceDisplayed();\nawait patientPage.signOut();\nconst isAuthVisible = await authPage.isAuthScreenDisplayed();\nexpect(isAuthVisible).to.be.true;",
              "err": {},
              "uuid": "ca556fe6-590d-4901-8695-6ae3d2d89d1f",
              "parentUUID": "c7212101-45e1-4b5d-a94c-af9136d9754e",
              "isHook": false,
              "skipped": false
            },
            {
              "title": "AUTH-006: Validate session persistence on page refresh",
              "fullTitle": "Authentication & Session Management Suite AUTH-006: Validate session persistence on page refresh",
              "timedOut": false,
              "duration": 5684,
              "state": "passed",
              "speed": "slow",
              "pass": true,
              "fail": false,
              "pending": false,
              "context": null,
              "code": "const patientUser = authData.validUsers.patient;\nawait authPage.login(patientUser.email, patientUser.password, 'patient');\nawait patientPage.isWorkspaceDisplayed();\n\nawait patientPage.refreshPage();\nawait driver.sleep(1000);\nconst isWorkspaceStillVisible = await patientPage.isWorkspaceDisplayed();\nexpect(isWorkspaceStillVisible).to.be.true;\n// Clean up session\nawait patientPage.signOut();",
              "err": {},
              "uuid": "330f56c4-a420-42ce-bb08-07265570c01e",
              "parentUUID": "c7212101-45e1-4b5d-a94c-af9136d9754e",
              "isHook": false,
              "skipped": false
            }
          ],
          "suites": [],
          "passes": [
            "22a85197-78da-4346-b950-e7ecdc492222",
            "2d2f71e8-cc4e-44c0-8292-03367a40c5a8",
            "43668333-2e3a-4385-9f4b-6541162f3bf3",
            "8d60cc3c-a68f-46f5-82f7-5c3d96de3d13",
            "ca556fe6-590d-4901-8695-6ae3d2d89d1f",
            "330f56c4-a420-42ce-bb08-07265570c01e"
          ],
          "failures": [],
          "pending": [],
          "skipped": [],
          "duration": 18597,
          "root": false,
          "rootEmpty": false,
          "_timeout": 60000
        },
        {
          "uuid": "d3d9a786-d456-4179-abcb-0a5022658ce8",
          "title": "Dynamic Form Validation & Route Discovery Suite",
          "fullFile": "C:\\Users\\navee\\Downloads\\CareBridge-One-Naveen\\carebridge-one\\tests\\dynamicForms.test.js",
          "file": "\\tests\\dynamicForms.test.js",
          "beforeHooks": [
            {
              "title": "\"before all\" hook in \"Dynamic Form Validation & Route Discovery Suite\"",
              "fullTitle": "Dynamic Form Validation & Route Discovery Suite \"before all\" hook in \"Dynamic Form Validation & Route Discovery Suite\"",
              "timedOut": false,
              "duration": 49,
              "state": null,
              "speed": null,
              "pass": false,
              "fail": false,
              "pending": false,
              "context": null,
              "code": "driver = await driverManager.getDriver(config.browser, config.headless);\nauthPage = new AuthPage(driver);\npatientPage = new PatientWorkspacePage(driver);\ndoctorPage = new DoctorWorkspacePage(driver);\nopsPage = new OperationsWorkspacePage(driver);\n\n// Auto-discover React routes, forms, and input rules dynamically\ndiscovery = discoverRoutesAndForms();",
              "err": {},
              "uuid": "435ca964-2410-4e41-9237-51ffa8285958",
              "parentUUID": "d3d9a786-d456-4179-abcb-0a5022658ce8",
              "isHook": true,
              "skipped": false
            },
            {
              "title": "\"before each\" hook in \"Dynamic Form Validation & Route Discovery Suite\"",
              "fullTitle": "Dynamic Form Validation & Route Discovery Suite \"before each\" hook in \"Dynamic Form Validation & Route Discovery Suite\"",
              "timedOut": false,
              "duration": 2159,
              "state": null,
              "speed": null,
              "pass": false,
              "fail": false,
              "pending": false,
              "context": null,
              "code": "await authPage.open();\nawait authPage.clearSession();\nawait authPage.open();",
              "err": {},
              "uuid": "0f296f72-379b-4dbe-adb3-a86f50987f80",
              "parentUUID": "d3d9a786-d456-4179-abcb-0a5022658ce8",
              "isHook": true,
              "skipped": false
            }
          ],
          "afterHooks": [],
          "tests": [
            {
              "title": "FORM-DYN-001: Validate discovered React routes configuration exists",
              "fullTitle": "Dynamic Form Validation & Route Discovery Suite FORM-DYN-001: Validate discovered React routes configuration exists",
              "timedOut": false,
              "duration": 17,
              "state": "passed",
              "speed": "fast",
              "pass": true,
              "fail": false,
              "pending": false,
              "context": null,
              "code": "expect(discovery.routes.roles).to.have.property('patient');\nexpect(discovery.routes.roles).to.have.property('doctor');\nexpect(discovery.routes.roles).to.have.property('operations');",
              "err": {},
              "uuid": "087e13bd-a69c-428d-9e24-67dcd3e6ea7b",
              "parentUUID": "d3d9a786-d456-4179-abcb-0a5022658ce8",
              "isHook": false,
              "skipped": false
            },
            {
              "title": "FORM-DYN-002: Dynamic email input format validation on Signup form",
              "fullTitle": "Dynamic Form Validation & Route Discovery Suite FORM-DYN-002: Dynamic email input format validation on Signup form",
              "timedOut": false,
              "duration": 14545,
              "state": "passed",
              "speed": "slow",
              "pass": true,
              "fail": false,
              "pending": false,
              "context": null,
              "code": "const invalidEmails = discovery.formData.emailValidation.invalid;\nfor (const invalidEmail of invalidEmails) {\n  await authPage.open();\n  await authPage.clearSession();\n  await authPage.open();\n  await authPage.register('Test User', invalidEmail, 'Password123!', 'Password123!');\n  const isAuthVisible = await authPage.isAuthScreenDisplayed();\n  expect(isAuthVisible).to.be.true;\n}",
              "err": {},
              "uuid": "09755c49-cedd-472a-a28e-441c90586ec2",
              "parentUUID": "d3d9a786-d456-4179-abcb-0a5022658ce8",
              "isHook": false,
              "skipped": false
            },
            {
              "title": "FORM-DYN-003: Dynamic password mismatch validation on Signup form",
              "fullTitle": "Dynamic Form Validation & Route Discovery Suite FORM-DYN-003: Dynamic password mismatch validation on Signup form",
              "timedOut": false,
              "duration": 2145,
              "state": "passed",
              "speed": "slow",
              "pass": true,
              "fail": false,
              "pending": false,
              "context": null,
              "code": "await authPage.selectMode('signup');\nawait authPage.register('Test User', 'valid@carebridge.demo', 'Password123!', 'MismatchPassword!');\nconst errorMsg = await authPage.getErrorMessage();\nexpect(errorMsg).to.include('Passwords do not match');",
              "err": {},
              "uuid": "a00f9f37-7aaa-4b20-9a12-d48991587893",
              "parentUUID": "d3d9a786-d456-4179-abcb-0a5022658ce8",
              "isHook": false,
              "skipped": false
            },
            {
              "title": "FORM-DYN-004: Dynamic validation of Patient Symptom Intake form",
              "fullTitle": "Dynamic Form Validation & Route Discovery Suite FORM-DYN-004: Dynamic validation of Patient Symptom Intake form",
              "timedOut": false,
              "duration": 6039,
              "state": "passed",
              "speed": "slow",
              "pass": true,
              "fail": false,
              "pending": false,
              "context": null,
              "code": "await authPage.login(config.users.patient.email, config.users.patient.password, 'patient');\nawait patientPage.isWorkspaceDisplayed();\n// Run dynamic symptom intake check\nawait patientPage.runSymptomInsights();\n\nconst isVisible = await patientPage.isWorkspaceDisplayed();\nexpect(isVisible).to.be.true;\nawait patientPage.signOut();",
              "err": {},
              "uuid": "7b87de21-739d-4c67-b858-beae84c2adad",
              "parentUUID": "d3d9a786-d456-4179-abcb-0a5022658ce8",
              "isHook": false,
              "skipped": false
            },
            {
              "title": "FORM-DYN-005: Dynamic validation of Doctor Clinical Notes form",
              "fullTitle": "Dynamic Form Validation & Route Discovery Suite FORM-DYN-005: Dynamic validation of Doctor Clinical Notes form",
              "timedOut": false,
              "duration": 6496,
              "state": "passed",
              "speed": "slow",
              "pass": true,
              "fail": false,
              "pending": false,
              "context": null,
              "code": "await authPage.login(config.users.doctor.email, config.users.doctor.password, 'doctor');\nawait doctorPage.isWorkspaceDisplayed();\nconst noteData = discovery.formData.clinicalNote;\nawait doctorPage.saveClinicalNote(noteData.symptoms, noteData.assessment, noteData.instructions);\nconst isVisible = await doctorPage.isWorkspaceDisplayed();\nexpect(isVisible).to.be.true;\nawait doctorPage.signOut();",
              "err": {},
              "uuid": "cec3b76d-11bf-4985-b707-4b89a6eb7878",
              "parentUUID": "d3d9a786-d456-4179-abcb-0a5022658ce8",
              "isHook": false,
              "skipped": false
            },
            {
              "title": "FORM-DYN-006: Dynamic validation of Doctor Prescription Builder form",
              "fullTitle": "Dynamic Form Validation & Route Discovery Suite FORM-DYN-006: Dynamic validation of Doctor Prescription Builder form",
              "timedOut": false,
              "duration": 7007,
              "state": "passed",
              "speed": "slow",
              "pass": true,
              "fail": false,
              "pending": false,
              "context": null,
              "code": "await authPage.login(config.users.doctor.email, config.users.doctor.password, 'doctor');\nawait doctorPage.isWorkspaceDisplayed();\nconst rxData = discovery.formData.prescription;\nawait doctorPage.createPrescription(rxData.medicine, rxData.strength, rxData.instructions);\nconst isVisible = await doctorPage.isWorkspaceDisplayed();\nexpect(isVisible).to.be.true;\nawait doctorPage.signOut();",
              "err": {},
              "uuid": "fa0777fb-a533-4786-a2a4-ba2f65557c29",
              "parentUUID": "d3d9a786-d456-4179-abcb-0a5022658ce8",
              "isHook": false,
              "skipped": false
            },
            {
              "title": "FORM-DYN-007: Dynamic validation of Operations Hospital ICU form",
              "fullTitle": "Dynamic Form Validation & Route Discovery Suite FORM-DYN-007: Dynamic validation of Operations Hospital ICU form",
              "timedOut": false,
              "duration": 8954,
              "state": "passed",
              "speed": "slow",
              "pass": true,
              "fail": false,
              "pending": false,
              "context": null,
              "code": "await authPage.login(config.users.operations.email, config.users.operations.password, 'operations');\nawait opsPage.isWorkspaceDisplayed();\nawait opsPage.updateHospitalAvailability('City General Hospital', 15, 8);\nconst isVisible = await opsPage.isWorkspaceDisplayed();\nexpect(isVisible).to.be.true;\nawait opsPage.signOut();",
              "err": {},
              "uuid": "0508c779-af5a-454d-bae1-abc724cff3ed",
              "parentUUID": "d3d9a786-d456-4179-abcb-0a5022658ce8",
              "isHook": false,
              "skipped": false
            }
          ],
          "suites": [],
          "passes": [
            "087e13bd-a69c-428d-9e24-67dcd3e6ea7b",
            "09755c49-cedd-472a-a28e-441c90586ec2",
            "a00f9f37-7aaa-4b20-9a12-d48991587893",
            "7b87de21-739d-4c67-b858-beae84c2adad",
            "cec3b76d-11bf-4985-b707-4b89a6eb7878",
            "fa0777fb-a533-4786-a2a4-ba2f65557c29",
            "0508c779-af5a-454d-bae1-abc724cff3ed"
          ],
          "failures": [],
          "pending": [],
          "skipped": [],
          "duration": 45203,
          "root": false,
          "rootEmpty": false,
          "_timeout": 60000
        },
        {
          "uuid": "d61a0d11-bb46-4ee7-b899-98c02fb264cb",
          "title": "End-to-End Multi-Role Healthcare Workflow Suite",
          "fullFile": "C:\\Users\\navee\\Downloads\\CareBridge-One-Naveen\\carebridge-one\\tests\\e2eWorkflow.test.js",
          "file": "\\tests\\e2eWorkflow.test.js",
          "beforeHooks": [
            {
              "title": "\"before all\" hook in \"End-to-End Multi-Role Healthcare Workflow Suite\"",
              "fullTitle": "End-to-End Multi-Role Healthcare Workflow Suite \"before all\" hook in \"End-to-End Multi-Role Healthcare Workflow Suite\"",
              "timedOut": false,
              "duration": 0,
              "state": null,
              "speed": null,
              "pass": false,
              "fail": false,
              "pending": false,
              "context": null,
              "code": "driver = await driverManager.getDriver(config.browser, config.headless);\nauthPage = new AuthPage(driver);\npatientPage = new PatientWorkspacePage(driver);\ndoctorPage = new DoctorWorkspacePage(driver);\nopsPage = new OperationsWorkspacePage(driver);",
              "err": {},
              "uuid": "a3cc60a6-c285-4804-897c-586b778c1a1e",
              "parentUUID": "d61a0d11-bb46-4ee7-b899-98c02fb264cb",
              "isHook": true,
              "skipped": false
            },
            {
              "title": "\"before each\" hook in \"End-to-End Multi-Role Healthcare Workflow Suite\"",
              "fullTitle": "End-to-End Multi-Role Healthcare Workflow Suite \"before each\" hook in \"End-to-End Multi-Role Healthcare Workflow Suite\"",
              "timedOut": false,
              "duration": 1871,
              "state": null,
              "speed": null,
              "pass": false,
              "fail": false,
              "pending": false,
              "context": null,
              "code": "await authPage.open();\nawait authPage.clearSession();\nawait authPage.open();",
              "err": {},
              "uuid": "656ad57f-bca9-4076-8061-a779a973c535",
              "parentUUID": "d61a0d11-bb46-4ee7-b899-98c02fb264cb",
              "isHook": true,
              "skipped": false
            }
          ],
          "afterHooks": [],
          "tests": [
            {
              "title": "E2E-001: Execute complete End-to-End patient consultation workflow",
              "fullTitle": "End-to-End Multi-Role Healthcare Workflow Suite E2E-001: Execute complete End-to-End patient consultation workflow",
              "timedOut": false,
              "duration": 37537,
              "state": "passed",
              "speed": "slow",
              "pass": true,
              "fail": false,
              "pending": false,
              "context": null,
              "code": "// 1. Patient Login & Booking\nawait authPage.open();\nawait authPage.login(config.users.patient.email, config.users.patient.password, 'patient');\nexpect(await patientPage.isWorkspaceDisplayed()).to.be.true;\nawait patientPage.bookAppointment('Dr. Ananya Kumar', '10:30 AM');\nawait patientPage.runSymptomInsights();\nawait patientPage.signOut();\n// 2. Doctor Login & Clinical Documentation\nawait authPage.login(config.users.doctor.email, config.users.doctor.password, 'doctor');\nexpect(await doctorPage.isWorkspaceDisplayed()).to.be.true;\nawait doctorPage.saveClinicalNote(\n  'Patient reports high fever and sore throat for 1 day.',\n  'Acute pharyngitis, mild URI.',\n  'Paracetamol 650mg, salt water gargles, hydration.'\n);\nawait doctorPage.createPrescription('Paracetamol', '650 mg', '1 tablet after meals as needed');\nawait doctorPage.signOut();\n// 3. Operations Admin Login & Verification Audit\nawait authPage.login(config.users.operations.email, config.users.operations.password, 'operations');\nexpect(await opsPage.isWorkspaceDisplayed()).to.be.true;\nawait opsPage.approveDoctorVerification('Dr. Arjun Mehta');\nawait opsPage.updateHospitalAvailability('City General Hospital', 18, 10);\nawait opsPage.signOut();\n// Final Assertion: Returned to clean Auth Screen\nexpect(await authPage.isAuthScreenDisplayed()).to.be.true;",
              "err": {},
              "uuid": "1f03f707-653e-4a64-b0a0-b205841d010a",
              "parentUUID": "d61a0d11-bb46-4ee7-b899-98c02fb264cb",
              "isHook": false,
              "skipped": false
            }
          ],
          "suites": [],
          "passes": [
            "1f03f707-653e-4a64-b0a0-b205841d010a"
          ],
          "failures": [],
          "pending": [],
          "skipped": [],
          "duration": 37537,
          "root": false,
          "rootEmpty": false,
          "_timeout": 60000
        },
        {
          "uuid": "6f9bf5b4-93da-4691-9521-0a6f3f63552f",
          "title": "Navigation & Internal Routing Validation Suite",
          "fullFile": "C:\\Users\\navee\\Downloads\\CareBridge-One-Naveen\\carebridge-one\\tests\\navigation.test.js",
          "file": "\\tests\\navigation.test.js",
          "beforeHooks": [
            {
              "title": "\"before all\" hook in \"Navigation & Internal Routing Validation Suite\"",
              "fullTitle": "Navigation & Internal Routing Validation Suite \"before all\" hook in \"Navigation & Internal Routing Validation Suite\"",
              "timedOut": false,
              "duration": 1,
              "state": null,
              "speed": null,
              "pass": false,
              "fail": false,
              "pending": false,
              "context": null,
              "code": "driver = await driverManager.getDriver(config.browser, config.headless);\nauthPage = new AuthPage(driver);\npatientPage = new PatientWorkspacePage(driver);\ndoctorPage = new DoctorWorkspacePage(driver);\nopsPage = new OperationsWorkspacePage(driver);",
              "err": {},
              "uuid": "41d7651a-bf02-4eb3-a84f-8e87a020b443",
              "parentUUID": "6f9bf5b4-93da-4691-9521-0a6f3f63552f",
              "isHook": true,
              "skipped": false
            },
            {
              "title": "\"before each\" hook in \"Navigation & Internal Routing Validation Suite\"",
              "fullTitle": "Navigation & Internal Routing Validation Suite \"before each\" hook in \"Navigation & Internal Routing Validation Suite\"",
              "timedOut": false,
              "duration": 1991,
              "state": null,
              "speed": null,
              "pass": false,
              "fail": false,
              "pending": false,
              "context": null,
              "code": "await authPage.open();\nawait authPage.clearSession();\nawait authPage.open();",
              "err": {},
              "uuid": "a373e099-aea6-4579-aeac-f9c7f760e33d",
              "parentUUID": "6f9bf5b4-93da-4691-9521-0a6f3f63552f",
              "isHook": true,
              "skipped": false
            }
          ],
          "afterHooks": [],
          "tests": [
            {
              "title": "NAV-001: Validate navigation through all Patient workspace links",
              "fullTitle": "Navigation & Internal Routing Validation Suite NAV-001: Validate navigation through all Patient workspace links",
              "timedOut": false,
              "duration": 6287,
              "state": "passed",
              "speed": "slow",
              "pass": true,
              "fail": false,
              "pending": false,
              "context": null,
              "code": "await authPage.login(config.users.patient.email, config.users.patient.password, 'patient');\nawait patientPage.isWorkspaceDisplayed();\nconst patientRoutes = routesData.roles.patient.routes;\nfor (const route of patientRoutes.slice(0, 5)) {\n  await patientPage.navigateToTab(route.id);\n  const isVisible = await patientPage.isWorkspaceDisplayed();\n  expect(isVisible).to.be.true;\n}\nawait patientPage.signOut();",
              "err": {},
              "uuid": "557eb3fa-9ba3-48ef-9168-6b22796f9fa1",
              "parentUUID": "6f9bf5b4-93da-4691-9521-0a6f3f63552f",
              "isHook": false,
              "skipped": false
            },
            {
              "title": "NAV-002: Validate navigation through Doctor workspace tabs",
              "fullTitle": "Navigation & Internal Routing Validation Suite NAV-002: Validate navigation through Doctor workspace tabs",
              "timedOut": false,
              "duration": 5605,
              "state": "passed",
              "speed": "slow",
              "pass": true,
              "fail": false,
              "pending": false,
              "context": null,
              "code": "await authPage.login(config.users.doctor.email, config.users.doctor.password, 'doctor');\nawait doctorPage.isWorkspaceDisplayed();\nconst doctorRoutes = routesData.roles.doctor.routes;\nfor (const route of doctorRoutes.slice(0, 4)) {\n  await doctorPage.navigateToTab(route.id);\n  const isVisible = await doctorPage.isWorkspaceDisplayed();\n  expect(isVisible).to.be.true;\n}\nawait doctorPage.signOut();",
              "err": {},
              "uuid": "887002bd-b246-45f5-be4e-44b11e074014",
              "parentUUID": "6f9bf5b4-93da-4691-9521-0a6f3f63552f",
              "isHook": false,
              "skipped": false
            },
            {
              "title": "NAV-003: Validate navigation through Operations workspace tabs",
              "fullTitle": "Navigation & Internal Routing Validation Suite NAV-003: Validate navigation through Operations workspace tabs",
              "timedOut": false,
              "duration": 5673,
              "state": "passed",
              "speed": "slow",
              "pass": true,
              "fail": false,
              "pending": false,
              "context": null,
              "code": "await authPage.login(config.users.operations.email, config.users.operations.password, 'operations');\nawait opsPage.isWorkspaceDisplayed();\nconst opsRoutes = routesData.roles.operations.routes;\nfor (const route of opsRoutes.slice(0, 4)) {\n  await opsPage.navigateToTab(route.id);\n  const isVisible = await opsPage.isWorkspaceDisplayed();\n  expect(isVisible).to.be.true;\n}\nawait opsPage.signOut();",
              "err": {},
              "uuid": "98d98232-7f27-495d-9798-cb3683709fa7",
              "parentUUID": "6f9bf5b4-93da-4691-9521-0a6f3f63552f",
              "isHook": false,
              "skipped": false
            },
            {
              "title": "NAV-004: Validate browser refresh, back, and forward navigation",
              "fullTitle": "Navigation & Internal Routing Validation Suite NAV-004: Validate browser refresh, back, and forward navigation",
              "timedOut": false,
              "duration": 6801,
              "state": "passed",
              "speed": "slow",
              "pass": true,
              "fail": false,
              "pending": false,
              "context": null,
              "code": "await authPage.login(config.users.patient.email, config.users.patient.password, 'patient');\nawait patientPage.isWorkspaceDisplayed();\nawait patientPage.navigateToTab('consult');\nawait patientPage.refreshPage();\nlet isVisible = await patientPage.isWorkspaceDisplayed();\nexpect(isVisible).to.be.true;\nawait patientPage.navigateBack();\nawait driver.sleep(500);\nlet currentUrl = await driver.getCurrentUrl();\nif (currentUrl.includes('data:') || currentUrl === 'about:blank') {\n  await authPage.open();\n}\nisVisible = (await patientPage.isWorkspaceDisplayed()) || (await authPage.isAuthScreenDisplayed());\nexpect(isVisible).to.be.true;",
              "err": {},
              "uuid": "b8ccecfa-3247-4b25-8282-264b230fc55c",
              "parentUUID": "6f9bf5b4-93da-4691-9521-0a6f3f63552f",
              "isHook": false,
              "skipped": false
            }
          ],
          "suites": [],
          "passes": [
            "557eb3fa-9ba3-48ef-9168-6b22796f9fa1",
            "887002bd-b246-45f5-be4e-44b11e074014",
            "98d98232-7f27-495d-9798-cb3683709fa7",
            "b8ccecfa-3247-4b25-8282-264b230fc55c"
          ],
          "failures": [],
          "pending": [],
          "skipped": [],
          "duration": 24366,
          "root": false,
          "rootEmpty": false,
          "_timeout": 60000
        },
        {
          "uuid": "0b906f13-67c2-4e09-afa7-4a210d9aaa85",
          "title": "UI & Interactive Elements Validation Suite",
          "fullFile": "C:\\Users\\navee\\Downloads\\CareBridge-One-Naveen\\carebridge-one\\tests\\ui.test.js",
          "file": "\\tests\\ui.test.js",
          "beforeHooks": [
            {
              "title": "\"before all\" hook in \"UI & Interactive Elements Validation Suite\"",
              "fullTitle": "UI & Interactive Elements Validation Suite \"before all\" hook in \"UI & Interactive Elements Validation Suite\"",
              "timedOut": false,
              "duration": 1,
              "state": null,
              "speed": null,
              "pass": false,
              "fail": false,
              "pending": false,
              "context": null,
              "code": "driver = await driverManager.getDriver(config.browser, config.headless);\nauthPage = new AuthPage(driver);\npatientPage = new PatientWorkspacePage(driver);\ndoctorPage = new DoctorWorkspacePage(driver);\nopsPage = new OperationsWorkspacePage(driver);",
              "err": {},
              "uuid": "8eedfa3a-4455-46e3-8efb-a0c7fe19939b",
              "parentUUID": "0b906f13-67c2-4e09-afa7-4a210d9aaa85",
              "isHook": true,
              "skipped": false
            },
            {
              "title": "\"before each\" hook in \"UI & Interactive Elements Validation Suite\"",
              "fullTitle": "UI & Interactive Elements Validation Suite \"before each\" hook in \"UI & Interactive Elements Validation Suite\"",
              "timedOut": false,
              "duration": 2022,
              "state": null,
              "speed": null,
              "pass": false,
              "fail": false,
              "pending": false,
              "context": null,
              "code": "await authPage.open();\nawait authPage.clearSession();\nawait authPage.open();",
              "err": {},
              "uuid": "ed8f128c-48f9-4914-a86d-eb20d2ed46ad",
              "parentUUID": "0b906f13-67c2-4e09-afa7-4a210d9aaa85",
              "isHook": true,
              "skipped": false
            }
          ],
          "afterHooks": [],
          "tests": [
            {
              "title": "UI-001: Validate Theme Toggle (Dark / Light mode)",
              "fullTitle": "UI & Interactive Elements Validation Suite UI-001: Validate Theme Toggle (Dark / Light mode)",
              "timedOut": false,
              "duration": 756,
              "state": "passed",
              "speed": "slow",
              "pass": true,
              "fail": false,
              "pending": false,
              "context": null,
              "code": "await authPage.toggleTheme();\nawait driver.sleep(300);\nconst htmlTheme = await driver.executeScript('return document.documentElement.dataset.theme;');\nexpect(['dark', 'light']).to.include(htmlTheme);",
              "err": {},
              "uuid": "fb211318-43a7-4c2f-9d35-8bc2e6aa73d4",
              "parentUUID": "0b906f13-67c2-4e09-afa7-4a210d9aaa85",
              "isHook": false,
              "skipped": false
            },
            {
              "title": "UI-002: Validate Language Selector Dropdown",
              "fullTitle": "UI & Interactive Elements Validation Suite UI-002: Validate Language Selector Dropdown",
              "timedOut": false,
              "duration": 442,
              "state": "passed",
              "speed": "slow",
              "pass": true,
              "fail": false,
              "pending": false,
              "context": null,
              "code": "await authPage.switchLanguage('ta');\nawait driver.sleep(300);\nconst lang = await driver.executeScript('return document.documentElement.lang;');\nexpect(lang).to.equal('ta');",
              "err": {},
              "uuid": "5b6fc874-c184-441f-a6aa-94ddc5aba152",
              "parentUUID": "0b906f13-67c2-4e09-afa7-4a210d9aaa85",
              "isHook": false,
              "skipped": false
            },
            {
              "title": "UI-003: Validate Forgot Password Modal open and close",
              "fullTitle": "UI & Interactive Elements Validation Suite UI-003: Validate Forgot Password Modal open and close",
              "timedOut": false,
              "duration": 6599,
              "state": "passed",
              "speed": "slow",
              "pass": true,
              "fail": false,
              "pending": false,
              "context": null,
              "code": "await authPage.openForgotPasswordModal();\nconst isModalOpen = await authPage.isElementVisible('.provider-dialog');\nexpect(isModalOpen).to.be.true;\n// Close modal by clicking back button\nawait authPage.utils.click('.provider-dialog__back');\nawait driver.sleep(300);\nconst isModalClosed = await authPage.isElementVisible('.provider-dialog', 1000);\nexpect(isModalClosed).to.be.false;",
              "err": {},
              "uuid": "a29c5996-452e-4bc6-badc-ededb8e3b2b1",
              "parentUUID": "0b906f13-67c2-4e09-afa7-4a210d9aaa85",
              "isHook": false,
              "skipped": false
            },
            {
              "title": "UI-004: Validate Doctor Search Bar filtering in Patient Workspace",
              "fullTitle": "UI & Interactive Elements Validation Suite UI-004: Validate Doctor Search Bar filtering in Patient Workspace",
              "timedOut": false,
              "duration": 4882,
              "state": "passed",
              "speed": "slow",
              "pass": true,
              "fail": false,
              "pending": false,
              "context": null,
              "code": "await authPage.login(config.users.patient.email, config.users.patient.password, 'patient');\nawait patientPage.isWorkspaceDisplayed();\nawait patientPage.navigateToTab('consult');\nconst searchInput = '.doctor-search input';\nif (await patientPage.isElementVisible(searchInput)) {\n  await patientPage.utils.type(searchInput, 'Ananya');\n  await driver.sleep(300);\n  const isDoctorCardVisible = await patientPage.isElementVisible('.doctor-list-card');\n  expect(isDoctorCardVisible).to.be.true;\n}\nawait patientPage.signOut();",
              "err": {},
              "uuid": "9a01d59e-35d5-446a-85c4-1a858a73bca6",
              "parentUUID": "0b906f13-67c2-4e09-afa7-4a210d9aaa85",
              "isHook": false,
              "skipped": false
            },
            {
              "title": "UI-005: Validate Operations Doctor Verification Data Table and Review Modal",
              "fullTitle": "UI & Interactive Elements Validation Suite UI-005: Validate Operations Doctor Verification Data Table and Review Modal",
              "timedOut": false,
              "duration": 3961,
              "state": "passed",
              "speed": "slow",
              "pass": true,
              "fail": false,
              "pending": false,
              "context": null,
              "code": "await authPage.login(config.users.operations.email, config.users.operations.password, 'operations');\nawait opsPage.isWorkspaceDisplayed();\nawait opsPage.navigateToTab('doctors');\nconst isTableVisible = await opsPage.isElementVisible('.data-table');\nexpect(isTableVisible).to.be.true;\nawait opsPage.signOut();",
              "err": {},
              "uuid": "923d4837-c590-490b-93c2-5c9b3245b36c",
              "parentUUID": "0b906f13-67c2-4e09-afa7-4a210d9aaa85",
              "isHook": false,
              "skipped": false
            }
          ],
          "suites": [],
          "passes": [
            "fb211318-43a7-4c2f-9d35-8bc2e6aa73d4",
            "5b6fc874-c184-441f-a6aa-94ddc5aba152",
            "a29c5996-452e-4bc6-badc-ededb8e3b2b1",
            "9a01d59e-35d5-446a-85c4-1a858a73bca6",
            "923d4837-c590-490b-93c2-5c9b3245b36c"
          ],
          "failures": [],
          "pending": [],
          "skipped": [],
          "duration": 16640,
          "root": false,
          "rootEmpty": false,
          "_timeout": 60000
        }
      ],
      "passes": [],
      "failures": [],
      "pending": [],
      "skipped": [],
      "duration": 0,
      "root": true,
      "rootEmpty": true,
      "_timeout": 60000
    }
  ],
  "meta": {
    "mocha": {
      "version": "11.7.6"
    },
    "mochawesome": {
      "options": {
        "quiet": false,
        "reportFilename": "mochawesome",
        "saveHtml": true,
        "saveJson": true,
        "consoleReporter": "spec",
        "useInlineDiffs": false,
        "code": true
      },
      "version": "8.0.1"
    },
    "marge": {
      "options": {
        "[object Object]": true
      },
      "version": "6.3.2"
    }
  }
}